#
# There is insufficient memory for the Java Runtime Environment to continue.
# Native memory allocation (malloc) failed to allocate 1223056 bytes for Chunk::new
# Possible reasons:
#   The system is out of physical RAM or swap space
#   The process is running with CompressedOops enabled, and the Java Heap may be blocking the growth of the native heap
# Possible solutions:
#   Reduce memory load on the system
#   Increase physical memory or swap space
#   Check if swap backing store is full
#   Decrease Java heap size (-Xmx/-Xms)
#   Decrease number of Java threads
#   Decrease Java thread stack sizes (-Xss)
#   Set larger code cache with -XX:ReservedCodeCacheSize=
#   JVM is running with Zero Based Compressed Oops mode in which the Java heap is
#     placed in the first 32GB address space. The Java Heap base address is the
#     maximum limit for the native heap growth. Please use -XX:HeapBaseMinAddress
#     to set the Java Heap base and to place the Java Heap above 32GB virtual address.
# This output file may be truncated or incomplete.
#
#  Out of Memory Error (./src/hotspot/share/memory/arena.cpp:197), pid=23288, tid=3008
#
# JRE version: OpenJDK Runtime Environment Temurin-11.0.14.1+1 (11.0.14.1+1) (build 11.0.14.1+1)
# Java VM: OpenJDK 64-Bit Server VM Temurin-11.0.14.1+1 (11.0.14.1+1, mixed mode, tiered, compressed oops, g1 gc, windows-amd64)
# No core dump will be written. Minidumps are not enabled by default on client versions of Windows
#

---------------  S U M M A R Y ------------

Command Line: -Dfile.encoding=UTF-8 -Dcom.android.sdklib.toolsdir=C:\Program Files\Unity\Hub\Editor\2022.3.24f1\Editor\Data\PlaybackEngines\AndroidPlayer\SDK\cmdline-tools\6.0\bin\\.. com.android.sdklib.tool.sdkmanager.SdkManagerCli --list

Host: AMD Ryzen 5 2600 Six-Core Processor            , 12 cores, 15G,  Windows 11 , 64 bit Build 22621 (10.0.22621.4391)
Time: Tue Dec 17 05:19:47 2024 東京 (標準時) elapsed time: 2.020606 seconds (0d 0h 0m 2s)

---------------  T H R E A D  ---------------

Current thread (0x00000174b6e2c800):  JavaThread "C2 CompilerThread0" daemon [_thread_in_native, id=3008, stack(0x0000006887a00000,0x0000006887b00000)]


Current CompileTask:
C2:   2020 2731   !   4       com.sun.org.apache.xerces.internal.impl.XMLDocumentFragmentScannerImpl$FragmentContentDriver::next (2329 bytes)

Stack: [0x0000006887a00000,0x0000006887b00000]
Native frames: (J=compiled Java code, j=interpreted, Vv=VM code, C=native code)
V  [jvm.dll+0x61e59a]
V  [jvm.dll+0x7aaca9]
V  [jvm.dll+0x7ac398]
V  [jvm.dll+0x7aca73]
V  [jvm.dll+0x24f9b8]
V  [jvm.dll+0xc260c]
V  [jvm.dll+0xc2bcc]
V  [jvm.dll+0x359a07]
V  [jvm.dll+0x325b93]
V  [jvm.dll+0x324eca]
V  [jvm.dll+0x208c05]
V  [jvm.dll+0x207ded]
V  [jvm.dll+0x18a2c1]
V  [jvm.dll+0x217734]
V  [jvm.dll+0x21597b]
V  [jvm.dll+0x76d7c0]
V  [jvm.dll+0x766724]
V  [jvm.dll+0x61d3f6]
C  [ucrtbase.dll+0x29333]
C  [KERNEL32.DLL+0x1259d]
C  [ntdll.dll+0x5af38]


---------------  P R O C E S S  ---------------

Threads class SMR info:
_java_thread_list=0x00000174b831c5d0, length=13, elements={
0x0000017492343000, 0x00000174b650d800, 0x00000174b6dbb000, 0x00000174b6e18800,
0x00000174b6e1a800, 0x00000174b6e1e000, 0x00000174b6e2c800, 0x00000174b6e2d000,
0x00000174b6e37000, 0x00000174b6fae000, 0x00000174b72c5000, 0x00000174b7f45800,
0x00000174b834c800
}

Java Threads: ( => current thread )
  0x0000017492343000 JavaThread "main" [_thread_in_Java, id=23432, stack(0x0000006886e00000,0x0000006886f00000)]
  0x00000174b650d800 JavaThread "Reference Handler" daemon [_thread_blocked, id=27668, stack(0x0000006887500000,0x0000006887600000)]
  0x00000174b6dbb000 JavaThread "Finalizer" daemon [_thread_blocked, id=6780, stack(0x0000006887600000,0x0000006887700000)]
  0x00000174b6e18800 JavaThread "Signal Dispatcher" daemon [_thread_blocked, id=28244, stack(0x0000006887700000,0x0000006887800000)]
  0x00000174b6e1a800 JavaThread "Attach Listener" daemon [_thread_blocked, id=24068, stack(0x0000006887800000,0x0000006887900000)]
  0x00000174b6e1e000 JavaThread "Service Thread" daemon [_thread_blocked, id=22736, stack(0x0000006887900000,0x0000006887a00000)]
=>0x00000174b6e2c800 JavaThread "C2 CompilerThread0" daemon [_thread_in_native, id=3008, stack(0x0000006887a00000,0x0000006887b00000)]
  0x00000174b6e2d000 JavaThread "C1 CompilerThread0" daemon [_thread_blocked, id=34044, stack(0x0000006887b00000,0x0000006887c00000)]
  0x00000174b6e37000 JavaThread "Sweeper thread" daemon [_thread_blocked, id=29256, stack(0x0000006887c00000,0x0000006887d00000)]
  0x00000174b6fae000 JavaThread "Common-Cleaner" daemon [_thread_blocked, id=23408, stack(0x0000006887e00000,0x0000006887f00000)]
  0x00000174b72c5000 JavaThread "C2 CompilerThread1" daemon [_thread_in_native, id=17092, stack(0x0000006887f00000,0x0000006888000000)]
  0x00000174b7f45800 JavaThread "Keep-Alive-Timer" daemon [_thread_blocked, id=23752, stack(0x0000006888800000,0x0000006888900000)]
  0x00000174b834c800 JavaThread "C2 CompilerThread2" daemon [_thread_in_native, id=31960, stack(0x0000006889e00000,0x0000006889f00000)]

Other Threads:
  0x00000174b6508800 VMThread "VM Thread" [stack: 0x0000006887400000,0x0000006887500000] [id=4204]
  0x00000174b6fa9800 WatcherThread [stack: 0x0000006887d00000,0x0000006887e00000] [id=27192]
  0x000001749235b000 GCTaskThread "GC Thread#0" [stack: 0x0000006886f00000,0x0000006887000000] [id=22476]
  0x00000174b809a000 GCTaskThread "GC Thread#1" [stack: 0x0000006888000000,0x0000006888100000] [id=1852]
  0x00000174b809a800 GCTaskThread "GC Thread#2" [stack: 0x0000006888100000,0x0000006888200000] [id=32676]
  0x00000174b7f56000 GCTaskThread "GC Thread#3" [stack: 0x0000006888200000,0x0000006888300000] [id=28984]
  0x00000174b7f56800 GCTaskThread "GC Thread#4" [stack: 0x0000006888300000,0x0000006888400000] [id=22492]
  0x00000174b7624000 GCTaskThread "GC Thread#5" [stack: 0x0000006888400000,0x0000006888500000] [id=11044]
  0x00000174b8339000 GCTaskThread "GC Thread#6" [stack: 0x0000006889f00000,0x000000688a000000] [id=28160]
  0x00000174b833a000 GCTaskThread "GC Thread#7" [stack: 0x000000688a000000,0x000000688a100000] [id=30836]
  0x00000174b833b800 GCTaskThread "GC Thread#8" [stack: 0x000000688a100000,0x000000688a200000] [id=6980]
  0x00000174b834e000 GCTaskThread "GC Thread#9" [stack: 0x000000688a200000,0x000000688a300000] [id=31972]
  0x00000174923c0000 ConcurrentGCThread "G1 Main Marker" [stack: 0x0000006887000000,0x0000006887100000] [id=3660]
  0x00000174923c2800 ConcurrentGCThread "G1 Conc#0" [stack: 0x0000006887100000,0x0000006887200000] [id=32156]
  0x00000174b8077000 ConcurrentGCThread "G1 Conc#1" [stack: 0x0000006888500000,0x0000006888600000] [id=5996]
  0x00000174b7fe0000 ConcurrentGCThread "G1 Conc#2" [stack: 0x0000006888700000,0x0000006888800000] [id=32844]
  0x00000174b63f3000 ConcurrentGCThread "G1 Refine#0" [stack: 0x0000006887200000,0x0000006887300000] [id=8456]
  0x00000174b7fdf800 ConcurrentGCThread "G1 Refine#1" [stack: 0x0000006888600000,0x0000006888700000] [id=26608]
  0x00000174b63f4800 ConcurrentGCThread "G1 Young RemSet Sampling" [stack: 0x0000006887300000,0x0000006887400000] [id=28440]

Threads with active compile tasks:
C2 CompilerThread0   2039 2731   !   4       com.sun.org.apache.xerces.internal.impl.XMLDocumentFragmentScannerImpl$FragmentContentDriver::next (2329 bytes)
C2 CompilerThread1   2039 2791       4       com.sun.org.apache.xerces.internal.impl.XMLEntityScanner::scanQName (578 bytes)
C2 CompilerThread2   2039 2749       4       java.util.regex.Pattern::compile (498 bytes)

VM state:not at safepoint (normal execution)

VM Mutex/Monitor currently owned by a thread: None

Heap address: 0x0000000701000000, size: 4080 MB, Compressed Oops mode: Zero based, Oop shift amount: 3
Narrow klass base: 0x0000000800000000, Narrow klass shift: 0
Compressed class space size: 1073741824 Address: 0x0000000800000000

Heap:
 garbage-first heap   total 262144K, used 55116K [0x0000000701000000, 0x0000000800000000)
  region size 1024K, 51 young (52224K), 4 survivors (4096K)
 Metaspace       used 24963K, capacity 25418K, committed 25648K, reserved 1073152K
  class space    used 2533K, capacity 2680K, committed 2688K, reserved 1048576K
Heap Regions: E=young(eden), S=young(survivor), O=old, HS=humongous(starts), HC=humongous(continues), CS=collection set, F=free, A=archive, TAMS=top-at-mark-start (previous, next)
|   0|0x0000000701000000, 0x0000000701100000, 0x0000000701100000|100%| O|  |TAMS 0x0000000701000000, 0x0000000701000000| Untracked 
|   1|0x0000000701100000, 0x0000000701200000, 0x0000000701200000|100%| O|  |TAMS 0x0000000701200000, 0x0000000701100000| Untracked 
|   2|0x0000000701200000, 0x0000000701300000, 0x0000000701300000|100%| O|  |TAMS 0x0000000701255800, 0x0000000701200000| Untracked 
|   3|0x0000000701300000, 0x0000000701400000, 0x0000000701400000|100%| O|  |TAMS 0x0000000701300000, 0x0000000701300000| Untracked 
|   4|0x0000000701400000, 0x00000007014d3000, 0x0000000701500000| 82%| O|  |TAMS 0x0000000701400000, 0x0000000701400000| Untracked 
|   5|0x0000000701500000, 0x0000000701500000, 0x0000000701600000|  0%| F|  |TAMS 0x0000000701500000, 0x0000000701500000| Untracked 
|   6|0x0000000701600000, 0x0000000701600000, 0x0000000701700000|  0%| F|  |TAMS 0x0000000701600000, 0x0000000701600000| Untracked 
|   7|0x0000000701700000, 0x0000000701700000, 0x0000000701800000|  0%| F|  |TAMS 0x0000000701700000, 0x0000000701700000| Untracked 
|   8|0x0000000701800000, 0x0000000701800000, 0x0000000701900000|  0%| F|  |TAMS 0x0000000701800000, 0x0000000701800000| Untracked 
|   9|0x0000000701900000, 0x0000000701900000, 0x0000000701a00000|  0%| F|  |TAMS 0x0000000701900000, 0x0000000701900000| Untracked 
|  10|0x0000000701a00000, 0x0000000701a00000, 0x0000000701b00000|  0%| F|  |TAMS 0x0000000701a00000, 0x0000000701a00000| Untracked 
|  11|0x0000000701b00000, 0x0000000701b00000, 0x0000000701c00000|  0%| F|  |TAMS 0x0000000701b00000, 0x0000000701b00000| Untracked 
|  12|0x0000000701c00000, 0x0000000701c00000, 0x0000000701d00000|  0%| F|  |TAMS 0x0000000701c00000, 0x0000000701c00000| Untracked 
|  13|0x0000000701d00000, 0x0000000701d00000, 0x0000000701e00000|  0%| F|  |TAMS 0x0000000701d00000, 0x0000000701d00000| Untracked 
|  14|0x0000000701e00000, 0x0000000701e00000, 0x0000000701f00000|  0%| F|  |TAMS 0x0000000701e00000, 0x0000000701e00000| Untracked 
|  15|0x0000000701f00000, 0x0000000701f00000, 0x0000000702000000|  0%| F|  |TAMS 0x0000000701f00000, 0x0000000701f00000| Untracked 
|  16|0x0000000702000000, 0x0000000702000000, 0x0000000702100000|  0%| F|  |TAMS 0x0000000702000000, 0x0000000702000000| Untracked 
|  17|0x0000000702100000, 0x0000000702100000, 0x0000000702200000|  0%| F|  |TAMS 0x0000000702100000, 0x0000000702100000| Untracked 
|  18|0x0000000702200000, 0x0000000702200000, 0x0000000702300000|  0%| F|  |TAMS 0x0000000702200000, 0x0000000702200000| Untracked 
|  19|0x0000000702300000, 0x0000000702300000, 0x0000000702400000|  0%| F|  |TAMS 0x0000000702300000, 0x0000000702300000| Untracked 
|  20|0x0000000702400000, 0x0000000702400000, 0x0000000702500000|  0%| F|  |TAMS 0x0000000702400000, 0x0000000702400000| Untracked 
|  21|0x0000000702500000, 0x0000000702500000, 0x0000000702600000|  0%| F|  |TAMS 0x0000000702500000, 0x0000000702500000| Untracked 
|  22|0x0000000702600000, 0x0000000702600000, 0x0000000702700000|  0%| F|  |TAMS 0x0000000702600000, 0x0000000702600000| Untracked 
|  23|0x0000000702700000, 0x0000000702700000, 0x0000000702800000|  0%| F|  |TAMS 0x0000000702700000, 0x0000000702700000| Untracked 
|  24|0x0000000702800000, 0x0000000702800000, 0x0000000702900000|  0%| F|  |TAMS 0x0000000702800000, 0x0000000702800000| Untracked 
|  25|0x0000000702900000, 0x0000000702900000, 0x0000000702a00000|  0%| F|  |TAMS 0x0000000702900000, 0x0000000702900000| Untracked 
|  26|0x0000000702a00000, 0x0000000702a00000, 0x0000000702b00000|  0%| F|  |TAMS 0x0000000702a00000, 0x0000000702a00000| Untracked 
|  27|0x0000000702b00000, 0x0000000702b00000, 0x0000000702c00000|  0%| F|  |TAMS 0x0000000702b00000, 0x0000000702b00000| Untracked 
|  28|0x0000000702c00000, 0x0000000702c00000, 0x0000000702d00000|  0%| F|  |TAMS 0x0000000702c00000, 0x0000000702c00000| Untracked 
|  29|0x0000000702d00000, 0x0000000702d00000, 0x0000000702e00000|  0%| F|  |TAMS 0x0000000702d00000, 0x0000000702d00000| Untracked 
|  30|0x0000000702e00000, 0x0000000702e00000, 0x0000000702f00000|  0%| F|  |TAMS 0x0000000702e00000, 0x0000000702e00000| Untracked 
|  31|0x0000000702f00000, 0x0000000702f00000, 0x0000000703000000|  0%| F|  |TAMS 0x0000000702f00000, 0x0000000702f00000| Untracked 
|  32|0x0000000703000000, 0x0000000703000000, 0x0000000703100000|  0%| F|  |TAMS 0x0000000703000000, 0x0000000703000000| Untracked 
|  33|0x0000000703100000, 0x0000000703100000, 0x0000000703200000|  0%| F|  |TAMS 0x0000000703100000, 0x0000000703100000| Untracked 
|  34|0x0000000703200000, 0x0000000703200000, 0x0000000703300000|  0%| F|  |TAMS 0x0000000703200000, 0x0000000703200000| Untracked 
|  35|0x0000000703300000, 0x0000000703300000, 0x0000000703400000|  0%| F|  |TAMS 0x0000000703300000, 0x0000000703300000| Untracked 
|  36|0x0000000703400000, 0x0000000703400000, 0x0000000703500000|  0%| F|  |TAMS 0x0000000703400000, 0x0000000703400000| Untracked 
|  37|0x0000000703500000, 0x0000000703500000, 0x0000000703600000|  0%| F|  |TAMS 0x0000000703500000, 0x0000000703500000| Untracked 
|  38|0x0000000703600000, 0x0000000703600000, 0x0000000703700000|  0%| F|  |TAMS 0x0000000703600000, 0x0000000703600000| Untracked 
|  39|0x0000000703700000, 0x0000000703700000, 0x0000000703800000|  0%| F|  |TAMS 0x0000000703700000, 0x0000000703700000| Untracked 
|  40|0x0000000703800000, 0x0000000703800000, 0x0000000703900000|  0%| F|  |TAMS 0x0000000703800000, 0x0000000703800000| Untracked 
|  41|0x0000000703900000, 0x0000000703900000, 0x0000000703a00000|  0%| F|  |TAMS 0x0000000703900000, 0x0000000703900000| Untracked 
|  42|0x0000000703a00000, 0x0000000703a00000, 0x0000000703b00000|  0%| F|  |TAMS 0x0000000703a00000, 0x0000000703a00000| Untracked 
|  43|0x0000000703b00000, 0x0000000703b00000, 0x0000000703c00000|  0%| F|  |TAMS 0x0000000703b00000, 0x0000000703b00000| Untracked 
|  44|0x0000000703c00000, 0x0000000703c00000, 0x0000000703d00000|  0%| F|  |TAMS 0x0000000703c00000, 0x0000000703c00000| Untracked 
|  45|0x0000000703d00000, 0x0000000703d00000, 0x0000000703e00000|  0%| F|  |TAMS 0x0000000703d00000, 0x0000000703d00000| Untracked 
|  46|0x0000000703e00000, 0x0000000703e00000, 0x0000000703f00000|  0%| F|  |TAMS 0x0000000703e00000, 0x0000000703e00000| Untracked 
|  47|0x0000000703f00000, 0x0000000703f00000, 0x0000000704000000|  0%| F|  |TAMS 0x0000000703f00000, 0x0000000703f00000| Untracked 
|  48|0x0000000704000000, 0x0000000704000000, 0x0000000704100000|  0%| F|  |TAMS 0x0000000704000000, 0x0000000704000000| Untracked 
|  49|0x0000000704100000, 0x0000000704100000, 0x0000000704200000|  0%| F|  |TAMS 0x0000000704100000, 0x0000000704100000| Untracked 
|  50|0x0000000704200000, 0x0000000704200000, 0x0000000704300000|  0%| F|  |TAMS 0x0000000704200000, 0x0000000704200000| Untracked 
|  51|0x0000000704300000, 0x0000000704300000, 0x0000000704400000|  0%| F|  |TAMS 0x0000000704300000, 0x0000000704300000| Untracked 
|  52|0x0000000704400000, 0x0000000704400000, 0x0000000704500000|  0%| F|  |TAMS 0x0000000704400000, 0x0000000704400000| Untracked 
|  53|0x0000000704500000, 0x0000000704500000, 0x0000000704600000|  0%| F|  |TAMS 0x0000000704500000, 0x0000000704500000| Untracked 
|  54|0x0000000704600000, 0x0000000704600000, 0x0000000704700000|  0%| F|  |TAMS 0x0000000704600000, 0x0000000704600000| Untracked 
|  55|0x0000000704700000, 0x0000000704700000, 0x0000000704800000|  0%| F|  |TAMS 0x0000000704700000, 0x0000000704700000| Untracked 
|  56|0x0000000704800000, 0x0000000704800000, 0x0000000704900000|  0%| F|  |TAMS 0x0000000704800000, 0x0000000704800000| Untracked 
|  57|0x0000000704900000, 0x0000000704900000, 0x0000000704a00000|  0%| F|  |TAMS 0x0000000704900000, 0x0000000704900000| Untracked 
|  58|0x0000000704a00000, 0x0000000704a00000, 0x0000000704b00000|  0%| F|  |TAMS 0x0000000704a00000, 0x0000000704a00000| Untracked 
|  59|0x0000000704b00000, 0x0000000704b00000, 0x0000000704c00000|  0%| F|  |TAMS 0x0000000704b00000, 0x0000000704b00000| Untracked 
|  60|0x0000000704c00000, 0x0000000704c00000, 0x0000000704d00000|  0%| F|  |TAMS 0x0000000704c00000, 0x0000000704c00000| Untracked 
|  61|0x0000000704d00000, 0x0000000704d00000, 0x0000000704e00000|  0%| F|  |TAMS 0x0000000704d00000, 0x0000000704d00000| Untracked 
|  62|0x0000000704e00000, 0x0000000704e00000, 0x0000000704f00000|  0%| F|  |TAMS 0x0000000704e00000, 0x0000000704e00000| Untracked 
|  63|0x0000000704f00000, 0x0000000704f00000, 0x0000000705000000|  0%| F|  |TAMS 0x0000000704f00000, 0x0000000704f00000| Untracked 
|  64|0x0000000705000000, 0x0000000705000000, 0x0000000705100000|  0%| F|  |TAMS 0x0000000705000000, 0x0000000705000000| Untracked 
|  65|0x0000000705100000, 0x0000000705100000, 0x0000000705200000|  0%| F|  |TAMS 0x0000000705100000, 0x0000000705100000| Untracked 
|  66|0x0000000705200000, 0x0000000705200000, 0x0000000705300000|  0%| F|  |TAMS 0x0000000705200000, 0x0000000705200000| Untracked 
|  67|0x0000000705300000, 0x0000000705300000, 0x0000000705400000|  0%| F|  |TAMS 0x0000000705300000, 0x0000000705300000| Untracked 
|  68|0x0000000705400000, 0x0000000705400000, 0x0000000705500000|  0%| F|  |TAMS 0x0000000705400000, 0x0000000705400000| Untracked 
|  69|0x0000000705500000, 0x0000000705500000, 0x0000000705600000|  0%| F|  |TAMS 0x0000000705500000, 0x0000000705500000| Untracked 
|  70|0x0000000705600000, 0x0000000705600000, 0x0000000705700000|  0%| F|  |TAMS 0x0000000705600000, 0x0000000705600000| Untracked 
|  71|0x0000000705700000, 0x0000000705700000, 0x0000000705800000|  0%| F|  |TAMS 0x0000000705700000, 0x0000000705700000| Untracked 
|  72|0x0000000705800000, 0x0000000705800000, 0x0000000705900000|  0%| F|  |TAMS 0x0000000705800000, 0x0000000705800000| Untracked 
|  73|0x0000000705900000, 0x0000000705900000, 0x0000000705a00000|  0%| F|  |TAMS 0x0000000705900000, 0x0000000705900000| Untracked 
|  74|0x0000000705a00000, 0x0000000705a00000, 0x0000000705b00000|  0%| F|  |TAMS 0x0000000705a00000, 0x0000000705a00000| Untracked 
|  75|0x0000000705b00000, 0x0000000705b00000, 0x0000000705c00000|  0%| F|  |TAMS 0x0000000705b00000, 0x0000000705b00000| Untracked 
|  76|0x0000000705c00000, 0x0000000705c00000, 0x0000000705d00000|  0%| F|  |TAMS 0x0000000705c00000, 0x0000000705c00000| Untracked 
|  77|0x0000000705d00000, 0x0000000705d00000, 0x0000000705e00000|  0%| F|  |TAMS 0x0000000705d00000, 0x0000000705d00000| Untracked 
|  78|0x0000000705e00000, 0x0000000705e00000, 0x0000000705f00000|  0%| F|  |TAMS 0x0000000705e00000, 0x0000000705e00000| Untracked 
|  79|0x0000000705f00000, 0x0000000705f00000, 0x0000000706000000|  0%| F|  |TAMS 0x0000000705f00000, 0x0000000705f00000| Untracked 
|  80|0x0000000706000000, 0x0000000706000000, 0x0000000706100000|  0%| F|  |TAMS 0x0000000706000000, 0x0000000706000000| Untracked 
|  81|0x0000000706100000, 0x0000000706100000, 0x0000000706200000|  0%| F|  |TAMS 0x0000000706100000, 0x0000000706100000| Untracked 
|  82|0x0000000706200000, 0x0000000706200000, 0x0000000706300000|  0%| F|  |TAMS 0x0000000706200000, 0x0000000706200000| Untracked 
|  83|0x0000000706300000, 0x0000000706300000, 0x0000000706400000|  0%| F|  |TAMS 0x0000000706300000, 0x0000000706300000| Untracked 
|  84|0x0000000706400000, 0x0000000706400000, 0x0000000706500000|  0%| F|  |TAMS 0x0000000706400000, 0x0000000706400000| Untracked 
|  85|0x0000000706500000, 0x0000000706500000, 0x0000000706600000|  0%| F|  |TAMS 0x0000000706500000, 0x0000000706500000| Untracked 
|  86|0x0000000706600000, 0x0000000706600000, 0x0000000706700000|  0%| F|  |TAMS 0x0000000706600000, 0x0000000706600000| Untracked 
|  87|0x0000000706700000, 0x0000000706700000, 0x0000000706800000|  0%| F|  |TAMS 0x0000000706700000, 0x0000000706700000| Untracked 
|  88|0x0000000706800000, 0x0000000706800000, 0x0000000706900000|  0%| F|  |TAMS 0x0000000706800000, 0x0000000706800000| Untracked 
|  89|0x0000000706900000, 0x0000000706900000, 0x0000000706a00000|  0%| F|  |TAMS 0x0000000706900000, 0x0000000706900000| Untracked 
|  90|0x0000000706a00000, 0x0000000706a00000, 0x0000000706b00000|  0%| F|  |TAMS 0x0000000706a00000, 0x0000000706a00000| Untracked 
|  91|0x0000000706b00000, 0x0000000706b00000, 0x0000000706c00000|  0%| F|  |TAMS 0x0000000706b00000, 0x0000000706b00000| Untracked 
|  92|0x0000000706c00000, 0x0000000706c00000, 0x0000000706d00000|  0%| F|  |TAMS 0x0000000706c00000, 0x0000000706c00000| Untracked 
|  93|0x0000000706d00000, 0x0000000706d00000, 0x0000000706e00000|  0%| F|  |TAMS 0x0000000706d00000, 0x0000000706d00000| Untracked 
|  94|0x0000000706e00000, 0x0000000706e00000, 0x0000000706f00000|  0%| F|  |TAMS 0x0000000706e00000, 0x0000000706e00000| Untracked 
|  95|0x0000000706f00000, 0x0000000706f00000, 0x0000000707000000|  0%| F|  |TAMS 0x0000000706f00000, 0x0000000706f00000| Untracked 
|  96|0x0000000707000000, 0x0000000707000000, 0x0000000707100000|  0%| F|  |TAMS 0x0000000707000000, 0x0000000707000000| Untracked 
|  97|0x0000000707100000, 0x0000000707100000, 0x0000000707200000|  0%| F|  |TAMS 0x0000000707100000, 0x0000000707100000| Untracked 
|  98|0x0000000707200000, 0x0000000707200000, 0x0000000707300000|  0%| F|  |TAMS 0x0000000707200000, 0x0000000707200000| Untracked 
|  99|0x0000000707300000, 0x0000000707300000, 0x0000000707400000|  0%| F|  |TAMS 0x0000000707300000, 0x0000000707300000| Untracked 
| 100|0x0000000707400000, 0x0000000707400000, 0x0000000707500000|  0%| F|  |TAMS 0x0000000707400000, 0x0000000707400000| Untracked 
| 101|0x0000000707500000, 0x0000000707500000, 0x0000000707600000|  0%| F|  |TAMS 0x0000000707500000, 0x0000000707500000| Untracked 
| 102|0x0000000707600000, 0x0000000707600000, 0x0000000707700000|  0%| F|  |TAMS 0x0000000707600000, 0x0000000707600000| Untracked 
| 103|0x0000000707700000, 0x0000000707700000, 0x0000000707800000|  0%| F|  |TAMS 0x0000000707700000, 0x0000000707700000| Untracked 
| 104|0x0000000707800000, 0x0000000707800000, 0x0000000707900000|  0%| F|  |TAMS 0x0000000707800000, 0x0000000707800000| Untracked 
| 105|0x0000000707900000, 0x0000000707900000, 0x0000000707a00000|  0%| F|  |TAMS 0x0000000707900000, 0x0000000707900000| Untracked 
| 106|0x0000000707a00000, 0x0000000707a00000, 0x0000000707b00000|  0%| F|  |TAMS 0x0000000707a00000, 0x0000000707a00000| Untracked 
| 107|0x0000000707b00000, 0x0000000707b00000, 0x0000000707c00000|  0%| F|  |TAMS 0x0000000707b00000, 0x0000000707b00000| Untracked 
| 108|0x0000000707c00000, 0x0000000707c00000, 0x0000000707d00000|  0%| F|  |TAMS 0x0000000707c00000, 0x0000000707c00000| Untracked 
| 109|0x0000000707d00000, 0x0000000707d00000, 0x0000000707e00000|  0%| F|  |TAMS 0x0000000707d00000, 0x0000000707d00000| Untracked 
| 110|0x0000000707e00000, 0x0000000707e00000, 0x0000000707f00000|  0%| F|  |TAMS 0x0000000707e00000, 0x0000000707e00000| Untracked 
| 111|0x0000000707f00000, 0x0000000707f00000, 0x0000000708000000|  0%| F|  |TAMS 0x0000000707f00000, 0x0000000707f00000| Untracked 
| 112|0x0000000708000000, 0x0000000708000000, 0x0000000708100000|  0%| F|  |TAMS 0x0000000708000000, 0x0000000708000000| Untracked 
| 113|0x0000000708100000, 0x0000000708100000, 0x0000000708200000|  0%| F|  |TAMS 0x0000000708100000, 0x0000000708100000| Untracked 
| 114|0x0000000708200000, 0x0000000708200000, 0x0000000708300000|  0%| F|  |TAMS 0x0000000708200000, 0x0000000708200000| Untracked 
| 115|0x0000000708300000, 0x0000000708300000, 0x0000000708400000|  0%| F|  |TAMS 0x0000000708300000, 0x0000000708300000| Untracked 
| 116|0x0000000708400000, 0x0000000708400000, 0x0000000708500000|  0%| F|  |TAMS 0x0000000708400000, 0x0000000708400000| Untracked 
| 117|0x0000000708500000, 0x0000000708500000, 0x0000000708600000|  0%| F|  |TAMS 0x0000000708500000, 0x0000000708500000| Untracked 
| 118|0x0000000708600000, 0x0000000708600000, 0x0000000708700000|  0%| F|  |TAMS 0x0000000708600000, 0x0000000708600000| Untracked 
| 119|0x0000000708700000, 0x0000000708700000, 0x0000000708800000|  0%| F|  |TAMS 0x0000000708700000, 0x0000000708700000| Untracked 
| 120|0x0000000708800000, 0x0000000708800000, 0x0000000708900000|  0%| F|  |TAMS 0x0000000708800000, 0x0000000708800000| Untracked 
| 121|0x0000000708900000, 0x0000000708900000, 0x0000000708a00000|  0%| F|  |TAMS 0x0000000708900000, 0x0000000708900000| Untracked 
| 122|0x0000000708a00000, 0x0000000708a00000, 0x0000000708b00000|  0%| F|  |TAMS 0x0000000708a00000, 0x0000000708a00000| Untracked 
| 123|0x0000000708b00000, 0x0000000708b00000, 0x0000000708c00000|  0%| F|  |TAMS 0x0000000708b00000, 0x0000000708b00000| Untracked 
| 124|0x0000000708c00000, 0x0000000708c00000, 0x0000000708d00000|  0%| F|  |TAMS 0x0000000708c00000, 0x0000000708c00000| Untracked 
| 125|0x0000000708d00000, 0x0000000708d00000, 0x0000000708e00000|  0%| F|  |TAMS 0x0000000708d00000, 0x0000000708d00000| Untracked 
| 126|0x0000000708e00000, 0x0000000708e00000, 0x0000000708f00000|  0%| F|  |TAMS 0x0000000708e00000, 0x0000000708e00000| Untracked 
| 127|0x0000000708f00000, 0x0000000708f00000, 0x0000000709000000|  0%| F|  |TAMS 0x0000000708f00000, 0x0000000708f00000| Untracked 
| 128|0x0000000709000000, 0x0000000709000000, 0x0000000709100000|  0%| F|  |TAMS 0x0000000709000000, 0x0000000709000000| Untracked 
| 129|0x0000000709100000, 0x0000000709100000, 0x0000000709200000|  0%| F|  |TAMS 0x0000000709100000, 0x0000000709100000| Untracked 
| 130|0x0000000709200000, 0x0000000709200000, 0x0000000709300000|  0%| F|  |TAMS 0x0000000709200000, 0x0000000709200000| Untracked 
| 131|0x0000000709300000, 0x0000000709300000, 0x0000000709400000|  0%| F|  |TAMS 0x0000000709300000, 0x0000000709300000| Untracked 
| 132|0x0000000709400000, 0x0000000709400000, 0x0000000709500000|  0%| F|  |TAMS 0x0000000709400000, 0x0000000709400000| Untracked 
| 133|0x0000000709500000, 0x0000000709500000, 0x0000000709600000|  0%| F|  |TAMS 0x0000000709500000, 0x0000000709500000| Untracked 
| 134|0x0000000709600000, 0x0000000709600000, 0x0000000709700000|  0%| F|  |TAMS 0x0000000709600000, 0x0000000709600000| Untracked 
| 135|0x0000000709700000, 0x0000000709700000, 0x0000000709800000|  0%| F|  |TAMS 0x0000000709700000, 0x0000000709700000| Untracked 
| 136|0x0000000709800000, 0x0000000709800000, 0x0000000709900000|  0%| F|  |TAMS 0x0000000709800000, 0x0000000709800000| Untracked 
| 137|0x0000000709900000, 0x0000000709900000, 0x0000000709a00000|  0%| F|  |TAMS 0x0000000709900000, 0x0000000709900000| Untracked 
| 138|0x0000000709a00000, 0x0000000709a00000, 0x0000000709b00000|  0%| F|  |TAMS 0x0000000709a00000, 0x0000000709a00000| Untracked 
| 139|0x0000000709b00000, 0x0000000709b00000, 0x0000000709c00000|  0%| F|  |TAMS 0x0000000709b00000, 0x0000000709b00000| Untracked 
| 140|0x0000000709c00000, 0x0000000709c00000, 0x0000000709d00000|  0%| F|  |TAMS 0x0000000709c00000, 0x0000000709c00000| Untracked 
| 141|0x0000000709d00000, 0x0000000709d00000, 0x0000000709e00000|  0%| F|  |TAMS 0x0000000709d00000, 0x0000000709d00000| Untracked 
| 142|0x0000000709e00000, 0x0000000709e00000, 0x0000000709f00000|  0%| F|  |TAMS 0x0000000709e00000, 0x0000000709e00000| Untracked 
| 143|0x0000000709f00000, 0x0000000709f00000, 0x000000070a000000|  0%| F|  |TAMS 0x0000000709f00000, 0x0000000709f00000| Untracked 
| 144|0x000000070a000000, 0x000000070a000000, 0x000000070a100000|  0%| F|  |TAMS 0x000000070a000000, 0x000000070a000000| Untracked 
| 145|0x000000070a100000, 0x000000070a100000, 0x000000070a200000|  0%| F|  |TAMS 0x000000070a100000, 0x000000070a100000| Untracked 
| 146|0x000000070a200000, 0x000000070a200000, 0x000000070a300000|  0%| F|  |TAMS 0x000000070a200000, 0x000000070a200000| Untracked 
| 147|0x000000070a300000, 0x000000070a300000, 0x000000070a400000|  0%| F|  |TAMS 0x000000070a300000, 0x000000070a300000| Untracked 
| 148|0x000000070a400000, 0x000000070a400000, 0x000000070a500000|  0%| F|  |TAMS 0x000000070a400000, 0x000000070a400000| Untracked 
| 149|0x000000070a500000, 0x000000070a500000, 0x000000070a600000|  0%| F|  |TAMS 0x000000070a500000, 0x000000070a500000| Untracked 
| 150|0x000000070a600000, 0x000000070a600000, 0x000000070a700000|  0%| F|  |TAMS 0x000000070a600000, 0x000000070a600000| Untracked 
| 151|0x000000070a700000, 0x000000070a700000, 0x000000070a800000|  0%| F|  |TAMS 0x000000070a700000, 0x000000070a700000| Untracked 
| 152|0x000000070a800000, 0x000000070a800000, 0x000000070a900000|  0%| F|  |TAMS 0x000000070a800000, 0x000000070a800000| Untracked 
| 153|0x000000070a900000, 0x000000070a900000, 0x000000070aa00000|  0%| F|  |TAMS 0x000000070a900000, 0x000000070a900000| Untracked 
| 154|0x000000070aa00000, 0x000000070aa00000, 0x000000070ab00000|  0%| F|  |TAMS 0x000000070aa00000, 0x000000070aa00000| Untracked 
| 155|0x000000070ab00000, 0x000000070ab00000, 0x000000070ac00000|  0%| F|  |TAMS 0x000000070ab00000, 0x000000070ab00000| Untracked 
| 156|0x000000070ac00000, 0x000000070ac00000, 0x000000070ad00000|  0%| F|  |TAMS 0x000000070ac00000, 0x000000070ac00000| Untracked 
| 157|0x000000070ad00000, 0x000000070ad00000, 0x000000070ae00000|  0%| F|  |TAMS 0x000000070ad00000, 0x000000070ad00000| Untracked 
| 158|0x000000070ae00000, 0x000000070ae00000, 0x000000070af00000|  0%| F|  |TAMS 0x000000070ae00000, 0x000000070ae00000| Untracked 
| 159|0x000000070af00000, 0x000000070af00000, 0x000000070b000000|  0%| F|  |TAMS 0x000000070af00000, 0x000000070af00000| Untracked 
| 160|0x000000070b000000, 0x000000070b000000, 0x000000070b100000|  0%| F|  |TAMS 0x000000070b000000, 0x000000070b000000| Untracked 
| 161|0x000000070b100000, 0x000000070b100000, 0x000000070b200000|  0%| F|  |TAMS 0x000000070b100000, 0x000000070b100000| Untracked 
| 162|0x000000070b200000, 0x000000070b200000, 0x000000070b300000|  0%| F|  |TAMS 0x000000070b200000, 0x000000070b200000| Untracked 
| 163|0x000000070b300000, 0x000000070b300000, 0x000000070b400000|  0%| F|  |TAMS 0x000000070b300000, 0x000000070b300000| Untracked 
| 164|0x000000070b400000, 0x000000070b400000, 0x000000070b500000|  0%| F|  |TAMS 0x000000070b400000, 0x000000070b400000| Untracked 
| 165|0x000000070b500000, 0x000000070b500000, 0x000000070b600000|  0%| F|  |TAMS 0x000000070b500000, 0x000000070b500000| Untracked 
| 166|0x000000070b600000, 0x000000070b600000, 0x000000070b700000|  0%| F|  |TAMS 0x000000070b600000, 0x000000070b600000| Untracked 
| 167|0x000000070b700000, 0x000000070b700000, 0x000000070b800000|  0%| F|  |TAMS 0x000000070b700000, 0x000000070b700000| Untracked 
| 168|0x000000070b800000, 0x000000070b800000, 0x000000070b900000|  0%| F|  |TAMS 0x000000070b800000, 0x000000070b800000| Untracked 
| 169|0x000000070b900000, 0x000000070b900000, 0x000000070ba00000|  0%| F|  |TAMS 0x000000070b900000, 0x000000070b900000| Untracked 
| 170|0x000000070ba00000, 0x000000070ba00000, 0x000000070bb00000|  0%| F|  |TAMS 0x000000070ba00000, 0x000000070ba00000| Untracked 
| 171|0x000000070bb00000, 0x000000070bb00000, 0x000000070bc00000|  0%| F|  |TAMS 0x000000070bb00000, 0x000000070bb00000| Untracked 
| 172|0x000000070bc00000, 0x000000070bc00000, 0x000000070bd00000|  0%| F|  |TAMS 0x000000070bc00000, 0x000000070bc00000| Untracked 
| 173|0x000000070bd00000, 0x000000070bd00000, 0x000000070be00000|  0%| F|  |TAMS 0x000000070bd00000, 0x000000070bd00000| Untracked 
| 174|0x000000070be00000, 0x000000070be00000, 0x000000070bf00000|  0%| F|  |TAMS 0x000000070be00000, 0x000000070be00000| Untracked 
| 175|0x000000070bf00000, 0x000000070bf00000, 0x000000070c000000|  0%| F|  |TAMS 0x000000070bf00000, 0x000000070bf00000| Untracked 
| 176|0x000000070c000000, 0x000000070c000000, 0x000000070c100000|  0%| F|  |TAMS 0x000000070c000000, 0x000000070c000000| Untracked 
| 177|0x000000070c100000, 0x000000070c100000, 0x000000070c200000|  0%| F|  |TAMS 0x000000070c100000, 0x000000070c100000| Untracked 
| 178|0x000000070c200000, 0x000000070c200000, 0x000000070c300000|  0%| F|  |TAMS 0x000000070c200000, 0x000000070c200000| Untracked 
| 179|0x000000070c300000, 0x000000070c300000, 0x000000070c400000|  0%| F|  |TAMS 0x000000070c300000, 0x000000070c300000| Untracked 
| 180|0x000000070c400000, 0x000000070c400000, 0x000000070c500000|  0%| F|  |TAMS 0x000000070c400000, 0x000000070c400000| Untracked 
| 181|0x000000070c500000, 0x000000070c500000, 0x000000070c600000|  0%| F|  |TAMS 0x000000070c500000, 0x000000070c500000| Untracked 
| 182|0x000000070c600000, 0x000000070c600000, 0x000000070c700000|  0%| F|  |TAMS 0x000000070c600000, 0x000000070c600000| Untracked 
| 183|0x000000070c700000, 0x000000070c700000, 0x000000070c800000|  0%| F|  |TAMS 0x000000070c700000, 0x000000070c700000| Untracked 
| 184|0x000000070c800000, 0x000000070c800000, 0x000000070c900000|  0%| F|  |TAMS 0x000000070c800000, 0x000000070c800000| Untracked 
| 185|0x000000070c900000, 0x000000070c900000, 0x000000070ca00000|  0%| F|  |TAMS 0x000000070c900000, 0x000000070c900000| Untracked 
| 186|0x000000070ca00000, 0x000000070ca00000, 0x000000070cb00000|  0%| F|  |TAMS 0x000000070ca00000, 0x000000070ca00000| Untracked 
| 187|0x000000070cb00000, 0x000000070cb00000, 0x000000070cc00000|  0%| F|  |TAMS 0x000000070cb00000, 0x000000070cb00000| Untracked 
| 188|0x000000070cc00000, 0x000000070cc00000, 0x000000070cd00000|  0%| F|  |TAMS 0x000000070cc00000, 0x000000070cc00000| Untracked 
| 189|0x000000070cd00000, 0x000000070cd00000, 0x000000070ce00000|  0%| F|  |TAMS 0x000000070cd00000, 0x000000070cd00000| Untracked 
| 190|0x000000070ce00000, 0x000000070ce00000, 0x000000070cf00000|  0%| F|  |TAMS 0x000000070ce00000, 0x000000070ce00000| Untracked 
| 191|0x000000070cf00000, 0x000000070cf00000, 0x000000070d000000|  0%| F|  |TAMS 0x000000070cf00000, 0x000000070cf00000| Untracked 
| 192|0x000000070d000000, 0x000000070d000000, 0x000000070d100000|  0%| F|  |TAMS 0x000000070d000000, 0x000000070d000000| Untracked 
| 193|0x000000070d100000, 0x000000070d100000, 0x000000070d200000|  0%| F|  |TAMS 0x000000070d100000, 0x000000070d100000| Untracked 
| 194|0x000000070d200000, 0x000000070d200000, 0x000000070d300000|  0%| F|  |TAMS 0x000000070d200000, 0x000000070d200000| Untracked 
| 195|0x000000070d300000, 0x000000070d300000, 0x000000070d400000|  0%| F|  |TAMS 0x000000070d300000, 0x000000070d300000| Untracked 
| 196|0x000000070d400000, 0x000000070d400000, 0x000000070d500000|  0%| F|  |TAMS 0x000000070d400000, 0x000000070d400000| Untracked 
| 197|0x000000070d500000, 0x000000070d500000, 0x000000070d600000|  0%| F|  |TAMS 0x000000070d500000, 0x000000070d500000| Untracked 
| 198|0x000000070d600000, 0x000000070d600000, 0x000000070d700000|  0%| F|  |TAMS 0x000000070d600000, 0x000000070d600000| Untracked 
| 199|0x000000070d700000, 0x000000070d700000, 0x000000070d800000|  0%| F|  |TAMS 0x000000070d700000, 0x000000070d700000| Untracked 
| 200|0x000000070d800000, 0x000000070d800000, 0x000000070d900000|  0%| F|  |TAMS 0x000000070d800000, 0x000000070d800000| Untracked 
| 201|0x000000070d900000, 0x000000070d900000, 0x000000070da00000|  0%| F|  |TAMS 0x000000070d900000, 0x000000070d900000| Untracked 
| 202|0x000000070da00000, 0x000000070da00000, 0x000000070db00000|  0%| F|  |TAMS 0x000000070da00000, 0x000000070da00000| Untracked 
| 203|0x000000070db00000, 0x000000070db00000, 0x000000070dc00000|  0%| F|  |TAMS 0x000000070db00000, 0x000000070db00000| Untracked 
| 204|0x000000070dc00000, 0x000000070dc81908, 0x000000070dd00000| 50%| E|  |TAMS 0x000000070dc00000, 0x000000070dc00000| Complete 
| 205|0x000000070dd00000, 0x000000070de00000, 0x000000070de00000|100%| E|CS|TAMS 0x000000070dd00000, 0x000000070dd00000| Complete 
| 206|0x000000070de00000, 0x000000070df00000, 0x000000070df00000|100%| E|CS|TAMS 0x000000070de00000, 0x000000070de00000| Complete 
| 207|0x000000070df00000, 0x000000070e000000, 0x000000070e000000|100%| E|CS|TAMS 0x000000070df00000, 0x000000070df00000| Complete 
| 208|0x000000070e000000, 0x000000070e100000, 0x000000070e100000|100%| E|CS|TAMS 0x000000070e000000, 0x000000070e000000| Complete 
| 209|0x000000070e100000, 0x000000070e200000, 0x000000070e200000|100%| E|CS|TAMS 0x000000070e100000, 0x000000070e100000| Complete 
| 210|0x000000070e200000, 0x000000070e300000, 0x000000070e300000|100%| E|CS|TAMS 0x000000070e200000, 0x000000070e200000| Complete 
| 211|0x000000070e300000, 0x000000070e400000, 0x000000070e400000|100%| E|CS|TAMS 0x000000070e300000, 0x000000070e300000| Complete 
| 212|0x000000070e400000, 0x000000070e500000, 0x000000070e500000|100%| E|CS|TAMS 0x000000070e400000, 0x000000070e400000| Complete 
| 213|0x000000070e500000, 0x000000070e600000, 0x000000070e600000|100%| E|CS|TAMS 0x000000070e500000, 0x000000070e500000| Complete 
| 214|0x000000070e600000, 0x000000070e700000, 0x000000070e700000|100%| E|CS|TAMS 0x000000070e600000, 0x000000070e600000| Complete 
| 215|0x000000070e700000, 0x000000070e800000, 0x000000070e800000|100%| E|CS|TAMS 0x000000070e700000, 0x000000070e700000| Complete 
| 216|0x000000070e800000, 0x000000070e900000, 0x000000070e900000|100%| E|CS|TAMS 0x000000070e800000, 0x000000070e800000| Complete 
| 217|0x000000070e900000, 0x000000070ea00000, 0x000000070ea00000|100%| E|CS|TAMS 0x000000070e900000, 0x000000070e900000| Complete 
| 218|0x000000070ea00000, 0x000000070eb00000, 0x000000070eb00000|100%| E|CS|TAMS 0x000000070ea00000, 0x000000070ea00000| Complete 
| 219|0x000000070eb00000, 0x000000070ec00000, 0x000000070ec00000|100%| E|CS|TAMS 0x000000070eb00000, 0x000000070eb00000| Complete 
| 220|0x000000070ec00000, 0x000000070ed00000, 0x000000070ed00000|100%| E|  |TAMS 0x000000070ec00000, 0x000000070ec00000| Complete 
| 221|0x000000070ed00000, 0x000000070ee00000, 0x000000070ee00000|100%| E|CS|TAMS 0x000000070ed00000, 0x000000070ed00000| Complete 
| 222|0x000000070ee00000, 0x000000070ef00000, 0x000000070ef00000|100%| E|CS|TAMS 0x000000070ee00000, 0x000000070ee00000| Complete 
| 223|0x000000070ef00000, 0x000000070f000000, 0x000000070f000000|100%| E|CS|TAMS 0x000000070ef00000, 0x000000070ef00000| Complete 
| 224|0x000000070f000000, 0x000000070f100000, 0x000000070f100000|100%| E|CS|TAMS 0x000000070f000000, 0x000000070f000000| Complete 
| 225|0x000000070f100000, 0x000000070f200000, 0x000000070f200000|100%| E|CS|TAMS 0x000000070f100000, 0x000000070f100000| Complete 
| 226|0x000000070f200000, 0x000000070f300000, 0x000000070f300000|100%| S|CS|TAMS 0x000000070f200000, 0x000000070f200000| Complete 
| 227|0x000000070f300000, 0x000000070f400000, 0x000000070f400000|100%| S|CS|TAMS 0x000000070f300000, 0x000000070f300000| Complete 
| 228|0x000000070f400000, 0x000000070f500000, 0x000000070f500000|100%| S|CS|TAMS 0x000000070f400000, 0x000000070f400000| Complete 
| 229|0x000000070f500000, 0x000000070f600000, 0x000000070f600000|100%| S|CS|TAMS 0x000000070f500000, 0x000000070f500000| Complete 
| 230|0x000000070f600000, 0x000000070f700000, 0x000000070f700000|100%| E|CS|TAMS 0x000000070f600000, 0x000000070f600000| Complete 
| 231|0x000000070f700000, 0x000000070f800000, 0x000000070f800000|100%| E|CS|TAMS 0x000000070f700000, 0x000000070f700000| Complete 
| 232|0x000000070f800000, 0x000000070f900000, 0x000000070f900000|100%| E|CS|TAMS 0x000000070f800000, 0x000000070f800000| Complete 
| 233|0x000000070f900000, 0x000000070fa00000, 0x000000070fa00000|100%| E|CS|TAMS 0x000000070f900000, 0x000000070f900000| Complete 
| 234|0x000000070fa00000, 0x000000070fb00000, 0x000000070fb00000|100%| E|CS|TAMS 0x000000070fa00000, 0x000000070fa00000| Complete 
| 235|0x000000070fb00000, 0x000000070fc00000, 0x000000070fc00000|100%| E|CS|TAMS 0x000000070fb00000, 0x000000070fb00000| Complete 
| 236|0x000000070fc00000, 0x000000070fd00000, 0x000000070fd00000|100%| E|CS|TAMS 0x000000070fc00000, 0x000000070fc00000| Complete 
| 237|0x000000070fd00000, 0x000000070fe00000, 0x000000070fe00000|100%| E|CS|TAMS 0x000000070fd00000, 0x000000070fd00000| Complete 
| 238|0x000000070fe00000, 0x000000070ff00000, 0x000000070ff00000|100%| E|CS|TAMS 0x000000070fe00000, 0x000000070fe00000| Complete 
| 239|0x000000070ff00000, 0x0000000710000000, 0x0000000710000000|100%| E|CS|TAMS 0x000000070ff00000, 0x000000070ff00000| Complete 
| 240|0x0000000710000000, 0x0000000710100000, 0x0000000710100000|100%| E|CS|TAMS 0x0000000710000000, 0x0000000710000000| Complete 
| 241|0x0000000710100000, 0x0000000710200000, 0x0000000710200000|100%| E|CS|TAMS 0x0000000710100000, 0x0000000710100000| Complete 
| 242|0x0000000710200000, 0x0000000710300000, 0x0000000710300000|100%| E|CS|TAMS 0x0000000710200000, 0x0000000710200000| Complete 
| 243|0x0000000710300000, 0x0000000710400000, 0x0000000710400000|100%| E|CS|TAMS 0x0000000710300000, 0x0000000710300000| Complete 
| 244|0x0000000710400000, 0x0000000710500000, 0x0000000710500000|100%| E|CS|TAMS 0x0000000710400000, 0x0000000710400000| Complete 
| 245|0x0000000710500000, 0x0000000710600000, 0x0000000710600000|100%| E|CS|TAMS 0x0000000710500000, 0x0000000710500000| Complete 
| 246|0x0000000710600000, 0x0000000710700000, 0x0000000710700000|100%| E|CS|TAMS 0x0000000710600000, 0x0000000710600000| Complete 
| 247|0x0000000710700000, 0x0000000710800000, 0x0000000710800000|100%| E|CS|TAMS 0x0000000710700000, 0x0000000710700000| Complete 
| 248|0x0000000710800000, 0x0000000710900000, 0x0000000710900000|100%| E|CS|TAMS 0x0000000710800000, 0x0000000710800000| Complete 
| 249|0x0000000710900000, 0x0000000710a00000, 0x0000000710a00000|100%| E|CS|TAMS 0x0000000710900000, 0x0000000710900000| Complete 
| 250|0x0000000710a00000, 0x0000000710b00000, 0x0000000710b00000|100%| E|CS|TAMS 0x0000000710a00000, 0x0000000710a00000| Complete 
| 251|0x0000000710b00000, 0x0000000710c00000, 0x0000000710c00000|100%| E|CS|TAMS 0x0000000710b00000, 0x0000000710b00000| Complete 
| 252|0x0000000710c00000, 0x0000000710d00000, 0x0000000710d00000|100%| E|CS|TAMS 0x0000000710c00000, 0x0000000710c00000| Complete 
| 253|0x0000000710d00000, 0x0000000710e00000, 0x0000000710e00000|100%| E|CS|TAMS 0x0000000710d00000, 0x0000000710d00000| Complete 
| 254|0x0000000710e00000, 0x0000000710f00000, 0x0000000710f00000|100%| E|CS|TAMS 0x0000000710e00000, 0x0000000710e00000| Complete 
| 255|0x0000000710f00000, 0x0000000711000000, 0x0000000711000000|100%| E|CS|TAMS 0x0000000710f00000, 0x0000000710f00000| Complete 

Card table byte_map: [0x00000174aa7c0000,0x00000174aafc0000] _byte_map_base: 0x00000174a6fb8000

Marking Bits (Prev, Next): (CMBitMap*) 0x00000174923af400, (CMBitMap*) 0x00000174923af3c8
 Prev Bits: [0x00000174af780000, 0x00000174b3740000)
 Next Bits: [0x00000174ab7c0000, 0x00000174af780000)

Polling page: 0x00000174902d0000

Metaspace:

Usage:
  Non-class:     22.21 MB capacity,    21.91 MB ( 99%) used,   262.65 KB (  1%) free+waste,    43.94 KB ( <1%) overhead. 
      Class:      2.62 MB capacity,     2.47 MB ( 95%) used,   127.64 KB (  5%) free+waste,    18.81 KB ( <1%) overhead. 
       Both:     24.82 MB capacity,    24.38 MB ( 98%) used,   390.29 KB (  2%) free+waste,    62.75 KB ( <1%) overhead. 

Virtual space:
  Non-class space:       24.00 MB reserved,      22.42 MB ( 93%) committed 
      Class space:        1.00 GB reserved,       2.63 MB ( <1%) committed 
             Both:        1.02 GB reserved,      25.05 MB (  2%) committed 

Chunk freelists:
   Non-Class:  30.00 KB
       Class:  8.00 KB
        Both:  38.00 KB

MaxMetaspaceSize: 17179869184.00 GB
CompressedClassSpaceSize: 1.00 GB
Initial GC threshold: 20.80 MB
Current GC threshold: 35.08 MB
CDS: off

CodeHeap 'non-profiled nmethods': size=120000Kb used=1010Kb max_used=1010Kb free=118990Kb
 bounds [0x00000174a2540000, 0x00000174a27b0000, 0x00000174a9a70000]
CodeHeap 'profiled nmethods': size=120000Kb used=5833Kb max_used=5833Kb free=114167Kb
 bounds [0x000001749b010000, 0x000001749b5d0000, 0x00000174a2540000]
CodeHeap 'non-nmethods': size=5760Kb used=1212Kb max_used=1237Kb free=4547Kb
 bounds [0x000001749aa70000, 0x000001749ace0000, 0x000001749b010000]
 total_blobs=3356 nmethods=2879 adapters=389
 compilation: enabled
              stopped_count=0, restarted_count=0
 full_count=0

Compilation events (20 events):
Event: 2.013 Thread 0x00000174b6e2d000 nmethod 2860 0x00000174a263b010 code [0x00000174a263b1c0, 0x00000174a263b278]
Event: 2.013 Thread 0x00000174b6e2d000 2863       1       com.sun.xml.bind.v2.model.impl.ClassInfoImpl::access$100 (5 bytes)
Event: 2.013 Thread 0x00000174b6e2d000 nmethod 2863 0x00000174a263b310 code [0x00000174a263b4c0, 0x00000174a263b558]
Event: 2.013 Thread 0x00000174b6e2d000 2864       2       java.lang.reflect.Proxy::getProxyConstructor (92 bytes)
Event: 2.014 Thread 0x00000174b6e2d000 nmethod 2864 0x000001749b5a7290 code [0x000001749b5a74e0, 0x000001749b5a7d98]
Event: 2.014 Thread 0x00000174b6e2d000 2865   !   2       java.lang.reflect.Proxy::newProxyInstance (75 bytes)
Event: 2.015 Thread 0x00000174b6e2d000 nmethod 2865 0x000001749b5a8090 code [0x000001749b5a8300, 0x000001749b5a8a78]
Event: 2.015 Thread 0x00000174b6e2d000 2866       2       java.util.LinkedHashMap$LinkedKeySet::size (8 bytes)
Event: 2.015 Thread 0x00000174b6e2d000 nmethod 2866 0x000001749b5a9090 code [0x000001749b5a9240, 0x000001749b5a9338]
Event: 2.015 Thread 0x00000174b6e2d000 2867   !   2       com.sun.xml.bind.v2.model.annotation.RuntimeInlineAnnotationReader::getClassValue (87 bytes)
Event: 2.016 Thread 0x00000174b6e2d000 nmethod 2867 0x000001749b5a9410 code [0x000001749b5a96c0, 0x000001749b5aa188]
Event: 2.016 Thread 0x00000174b6e2d000 2869   !   2       jdk.internal.loader.AbstractClassLoaderValue::computeIfAbsent (113 bytes)
Event: 2.017 Thread 0x00000174b6e2d000 nmethod 2869 0x000001749b5aa810 code [0x000001749b5aaa40, 0x000001749b5ab0c8]
Event: 2.017 Thread 0x00000174b6e2d000 2870       2       java.lang.reflect.Proxy::<init> (15 bytes)
Event: 2.017 Thread 0x00000174b6e2d000 nmethod 2870 0x000001749b5ab510 code [0x000001749b5ab6e0, 0x000001749b5ab908]
Event: 2.017 Thread 0x00000174b6e2d000 2868   !   2       com.sun.proxy.$Proxy14::annotationType (29 bytes)
Event: 2.017 Thread 0x00000174b6e2d000 nmethod 2868 0x000001749b5aba10 code [0x000001749b5abbe0, 0x000001749b5abe78]
Event: 2.018 Thread 0x00000174b6e2d000 2871   !   2       jdk.internal.reflect.GeneratedMethodAccessor1::invoke (63 bytes)
Event: 2.018 Thread 0x00000174b6e2d000 nmethod 2871 0x000001749b5ac010 code [0x000001749b5ac220, 0x000001749b5ac6f8]
Event: 2.018 Thread 0x00000174b6e2d000 2872       2       com.sun.xml.bind.v2.model.impl.ClassInfoImpl::ensureNoAnnotation (76 bytes)

GC Heap History (6 events):
Event: 0.825 GC heap before
{Heap before GC invocations=0 (full 0):
 garbage-first heap   total 262144K, used 24576K [0x0000000701000000, 0x0000000800000000)
  region size 1024K, 24 young (24576K), 0 survivors (0K)
 Metaspace       used 15826K, capacity 16105K, committed 16256K, reserved 1064960K
  class space    used 1502K, capacity 1626K, committed 1664K, reserved 1048576K
}
Event: 0.834 GC heap after
{Heap after GC invocations=1 (full 0):
 garbage-first heap   total 262144K, used 4438K [0x0000000701000000, 0x0000000800000000)
  region size 1024K, 3 young (3072K), 3 survivors (3072K)
 Metaspace       used 15826K, capacity 16105K, committed 16256K, reserved 1064960K
  class space    used 1502K, capacity 1626K, committed 1664K, reserved 1048576K
}
Event: 1.227 GC heap before
{Heap before GC invocations=1 (full 0):
 garbage-first heap   total 262144K, used 13654K [0x0000000701000000, 0x0000000800000000)
  region size 1024K, 13 young (13312K), 3 survivors (3072K)
 Metaspace       used 20927K, capacity 21216K, committed 21296K, reserved 1069056K
  class space    used 2048K, capacity 2172K, committed 2176K, reserved 1048576K
}
Event: 1.233 GC heap after
{Heap after GC invocations=2 (full 0):
 garbage-first heap   total 262144K, used 6486K [0x0000000701000000, 0x0000000800000000)
  region size 1024K, 5 young (5120K), 5 survivors (5120K)
 Metaspace       used 20927K, capacity 21216K, committed 21296K, reserved 1069056K
  class space    used 2048K, capacity 2172K, committed 2176K, reserved 1048576K
}
Event: 1.498 GC heap before
{Heap before GC invocations=3 (full 0):
 garbage-first heap   total 262144K, used 27990K [0x0000000701000000, 0x0000000800000000)
  region size 1024K, 26 young (26624K), 5 survivors (5120K)
 Metaspace       used 23927K, capacity 24225K, committed 24368K, reserved 1071104K
  class space    used 2465K, capacity 2577K, committed 2688K, reserved 1048576K
}
Event: 1.507 GC heap after
{Heap after GC invocations=4 (full 0):
 garbage-first heap   total 262144K, used 9036K [0x0000000701000000, 0x0000000800000000)
  region size 1024K, 4 young (4096K), 4 survivors (4096K)
 Metaspace       used 23927K, capacity 24225K, committed 24368K, reserved 1071104K
  class space    used 2465K, capacity 2577K, committed 2688K, reserved 1048576K
}

Deoptimization events (20 events):
Event: 1.741 Thread 0x00000174b8299000 DEOPT UNPACKING pc=0x000001749aaba95e sp=0x0000006888ffd548 mode 0
Event: 1.741 Thread 0x00000174b82e6000 DEOPT UNPACKING pc=0x000001749aaba95e sp=0x0000006889bfcf38 mode 0
Event: 1.741 Thread 0x00000174b822e000 DEOPT PACKING pc=0x000001749b3aac92 sp=0x00000068896fdac0
Event: 1.741 Thread 0x00000174b822e000 DEOPT UNPACKING pc=0x000001749aaba95e sp=0x00000068896fcf58 mode 0
Event: 1.746 Thread 0x00000174b822c800 DEOPT PACKING pc=0x000001749b310b92 sp=0x00000068891fdd40
Event: 1.746 Thread 0x00000174b822c800 DEOPT UNPACKING pc=0x000001749aaba95e sp=0x00000068891fd178 mode 0
Event: 1.748 Thread 0x00000174b8299000 DEOPT PACKING pc=0x000001749b46a7e0 sp=0x0000006888ffe090
Event: 1.748 Thread 0x00000174b8299000 DEOPT UNPACKING pc=0x000001749aaba95e sp=0x0000006888ffd528 mode 0
Event: 1.764 Thread 0x00000174b822b800 DEOPT PACKING pc=0x000001749b47de09 sp=0x00000068894fdc50
Event: 1.764 Thread 0x00000174b822b800 DEOPT UNPACKING pc=0x000001749aaba95e sp=0x00000068894fd0e8 mode 0
Event: 1.790 Thread 0x00000174b822c800 DEOPT PACKING pc=0x000001749b480eca sp=0x00000068891fddb0
Event: 1.790 Thread 0x00000174b822c800 DEOPT UNPACKING pc=0x000001749aaba95e sp=0x00000068891fd248 mode 0
Event: 1.838 Thread 0x0000017492343000 Uncommon trap: trap_request=0xffffff7e fr.pc=0x00000174a25f69d8 relative=0x00000000000006d8
Event: 1.838 Thread 0x0000017492343000 Uncommon trap: reason=predicate action=maybe_recompile pc=0x00000174a25f69d8 method=java.util.TreeMap.getEntryUsingComparator(Ljava/lang/Object;)Ljava/util/TreeMap$Entry; @ 19 c2
Event: 1.838 Thread 0x0000017492343000 DEOPT PACKING pc=0x00000174a25f69d8 sp=0x0000006886efd5e0
Event: 1.838 Thread 0x0000017492343000 DEOPT UNPACKING pc=0x000001749aaba1af sp=0x0000006886efd530 mode 2
Event: 1.885 Thread 0x0000017492343000 Uncommon trap: trap_request=0xffffff4d fr.pc=0x00000174a2628214 relative=0x0000000000000454
Event: 1.885 Thread 0x0000017492343000 Uncommon trap: reason=unstable_if action=reinterpret pc=0x00000174a2628214 method=com.sun.org.apache.xerces.internal.impl.XMLEntityScanner.scanContent(Lcom/sun/org/apache/xerces/internal/xni/XMLString;)I @ 44 c2
Event: 1.885 Thread 0x0000017492343000 DEOPT PACKING pc=0x00000174a2628214 sp=0x0000006886efe930
Event: 1.885 Thread 0x0000017492343000 DEOPT UNPACKING pc=0x000001749aaba1af sp=0x0000006886efe8e8 mode 2

Classes redefined (0 events):
No events

Internal exceptions (20 events):
Event: 0.741 Thread 0x0000017492343000 Exception <a 'sun/nio/fs/WindowsException'{0x000000070fa5dc90}> (0x000000070fa5dc90) thrown at [./src/hotspot/share/prims/jni.cpp, line 616]
Event: 0.741 Thread 0x0000017492343000 Exception <a 'sun/nio/fs/WindowsException'{0x000000070fa5e040}> (0x000000070fa5e040) thrown at [./src/hotspot/share/prims/jni.cpp, line 616]
Event: 0.741 Thread 0x0000017492343000 Exception <a 'sun/nio/fs/WindowsException'{0x000000070fa5e7a8}> (0x000000070fa5e7a8) thrown at [./src/hotspot/share/prims/jni.cpp, line 616]
Event: 0.741 Thread 0x0000017492343000 Exception <a 'sun/nio/fs/WindowsException'{0x000000070fa5ed18}> (0x000000070fa5ed18) thrown at [./src/hotspot/share/prims/jni.cpp, line 616]
Event: 0.757 Thread 0x0000017492343000 Exception <a 'java/lang/NoSuchMethodError'{0x000000070fada3b0}: 'int java.lang.invoke.DirectMethodHandle$Holder.invokeSpecialIFC(java.lang.Object, java.lang.Object, int)'> (0x000000070fada3b0) thrown at [./src/hotspot/share/interpreter/linkResolver.cpp, line 773]
Event: 0.792 Thread 0x0000017492343000 Exception <a 'java/lang/NoSuchMethodError'{0x000000070f9e1eb8}: 'java.lang.Object java.lang.invoke.DirectMethodHandle$Holder.invokeStaticInit(java.lang.Object, int, int, int, int)'> (0x000000070f9e1eb8) thrown at [./src/hotspot/share/interpreter/linkResolver.cpp, line 773]
Event: 0.793 Thread 0x0000017492343000 Exception <a 'sun/nio/fs/WindowsException'{0x000000070f9e84b0}> (0x000000070f9e84b0) thrown at [./src/hotspot/share/prims/jni.cpp, line 616]
Event: 0.799 Thread 0x0000017492343000 Exception <a 'java/lang/NoSuchMethodError'{0x000000070f808180}: 'int java.lang.invoke.DirectMethodHandle$Holder.invokeStaticInit(java.lang.Object, java.lang.Object, java.lang.Object, java.lang.Object)'> (0x000000070f808180) thrown at [./src/hotspot/share/interpreter/linkResolver.cpp, line 773]
Event: 0.799 Thread 0x0000017492343000 Exception <a 'java/lang/IncompatibleClassChangeError'{0x000000070f8113f0}: Found class java.lang.Object, but interface was expected> (0x000000070f8113f0) thrown at [./src/hotspot/share/interpreter/linkResolver.cpp, line 839]
Event: 0.800 Thread 0x0000017492343000 Exception <a 'java/lang/NoSuchMethodError'{0x000000070f8141a0}: 'void java.lang.invoke.DirectMethodHandle$Holder.invokeStaticInit(java.lang.Object, java.lang.Object)'> (0x000000070f8141a0) thrown at [./src/hotspot/share/interpreter/linkResolver.cpp, line 773]
Event: 0.800 Thread 0x0000017492343000 Exception <a 'java/lang/NoSuchMethodError'{0x000000070f819630}: 'int java.lang.invoke.DirectMethodHandle$Holder.invokeStaticInit(java.lang.Object, java.lang.Object)'> (0x000000070f819630) thrown at [./src/hotspot/share/interpreter/linkResolver.cpp, line 773]
Event: 0.997 Thread 0x0000017492343000 Exception <a 'java/lang/NoSuchMethodError'{0x000000071099fa30}: 'java.lang.Object java.lang.invoke.DirectMethodHandle$Holder.invokeStaticInit(java.lang.Object, java.lang.Object, int, int, int, int)'> (0x000000071099fa30) thrown at [./src/hotspot/share/interpreter/linkResolver.cpp, line 773]
Event: 1.336 Thread 0x0000017492343000 Exception <a 'java/lang/NullPointerException'{0x0000000710a2ce78}> (0x0000000710a2ce78) thrown at [./src/hotspot/share/interpreter/linkResolver.cpp, line 1440]
Event: 1.360 Thread 0x0000017492343000 Implicit null exception at 0x00000174a25a20f8 to 0x00000174a25a218a
Event: 1.457 Thread 0x0000017492343000 Exception <a 'java/lang/NoSuchMethodError'{0x000000070fea8640}: 'int java.lang.invoke.DirectMethodHandle$Holder.invokeStatic(java.lang.Object, java.lang.Object, int, java.lang.Object)'> (0x000000070fea8640) thrown at [./src/hotspot/share/interpreter/linkResolver.cpp, line 773]
Event: 1.457 Thread 0x0000017492343000 Exception <a 'java/lang/NoSuchMethodError'{0x000000070feaf1b0}: 'java.lang.Object java.lang.invoke.Invokers$Holder.linkToTargetMethod(java.lang.Object, int, java.lang.Object)'> (0x000000070feaf1b0) thrown at [./src/hotspot/share/interpreter/linkResolver.cpp, line 773]
Event: 1.471 Thread 0x0000017492343000 Exception <a 'sun/nio/fs/WindowsException'{0x000000070fd11c70}> (0x000000070fd11c70) thrown at [./src/hotspot/share/prims/jni.cpp, line 616]
Event: 1.471 Thread 0x0000017492343000 Exception <a 'java/lang/NoSuchMethodError'{0x000000070fd129a8}: 'int java.lang.invoke.DirectMethodHandle$Holder.invokeInterface(java.lang.Object, java.lang.Object)'> (0x000000070fd129a8) thrown at [./src/hotspot/share/interpreter/linkResolver.cpp, line 773]
Event: 1.473 Thread 0x0000017492343000 Exception <a 'java/lang/NoSuchMethodError'{0x000000070fd1bfa8}: 'void java.lang.invoke.DirectMethodHandle$Holder.invokeStatic(java.lang.Object, int, java.lang.Object)'> (0x000000070fd1bfa8) thrown at [./src/hotspot/share/interpreter/linkResolver.cpp, line 773]
Event: 1.477 Thread 0x0000017492343000 Exception <a 'java/lang/NoSuchMethodError'{0x000000070fd2dbd0}: 'java.lang.Object java.lang.invoke.Invokers$Holder.linkToTargetMethod(java.lang.Object, java.lang.Object, java.lang.Object, java.lang.Object, java.lang.Object, java.lang.Object)'> (0x000000070fd2dbd0) thrown at [./src/hotspot/share/interpreter/linkResolver.cpp, line 773]

Events (20 events):
Event: 1.841 loading class com/google/wireless/android/sdk/stats/ProductDetails$CpuArchitecture
Event: 1.841 loading class com/google/wireless/android/sdk/stats/ProductDetails$CpuArchitecture done
Event: 1.841 loading class com/google/protobuf/ProtocolMessageEnum
Event: 1.841 loading class com/google/protobuf/ProtocolMessageEnum done
Event: 1.842 loading class com/google/protobuf/Internal$EnumLite
Event: 1.842 loading class com/google/protobuf/Internal$EnumLite done
Event: 1.842 loading class com/google/protobuf/Internal$EnumLiteMap
Event: 1.842 loading class com/google/protobuf/Internal$EnumLiteMap done
Event: 1.842 loading class com/google/wireless/android/sdk/stats/ProductDetails$CpuArchitecture$1
Event: 1.842 loading class com/google/wireless/android/sdk/stats/ProductDetails$CpuArchitecture$1 done
Event: 1.843 loading class com/android/repository/impl/meta/Archive$1
Event: 1.843 loading class com/android/repository/impl/meta/Archive$1 done
Event: 1.972 Executing VM operation: ICBufferFull
Event: 1.972 Executing VM operation: ICBufferFull done
Event: 1.998 loading class com/android/sdklib/repository/generated/sysimg/v3/SysImgDetailsType
Event: 1.998 loading class com/android/sdklib/repository/generated/sysimg/v3/SysImgDetailsType done
Event: 2.012 loading class com/android/sdklib/repository/generated/sysimg/v2/SysImgDetailsType
Event: 2.012 loading class com/android/sdklib/repository/generated/sysimg/v2/SysImgDetailsType done
Event: 2.016 loading class com/android/sdklib/repository/generated/sysimg/v1/SysImgDetailsType
Event: 2.016 loading class com/android/sdklib/repository/generated/sysimg/v1/SysImgDetailsType done


Dynamic libraries:
0x00007ff7dc200000 - 0x00007ff7dc20d000 	C:\Program Files\Unity\Hub\Editor\2022.3.24f1\Editor\Data\PlaybackEngines\AndroidPlayer\OpenJDK\bin\java.exe
0x00007ffbc0c50000 - 0x00007ffbc0e67000 	C:\WINDOWS\SYSTEM32\ntdll.dll
0x00007ffbc0350000 - 0x00007ffbc0414000 	C:\WINDOWS\System32\KERNEL32.DLL
0x00007ffbbe230000 - 0x00007ffbbe5ea000 	C:\WINDOWS\System32\KERNELBASE.dll
0x00007ffbbe110000 - 0x00007ffbbe221000 	C:\WINDOWS\System32\ucrtbase.dll
0x00007ffb8c4b0000 - 0x00007ffb8c4c7000 	C:\Program Files\Unity\Hub\Editor\2022.3.24f1\Editor\Data\PlaybackEngines\AndroidPlayer\OpenJDK\bin\jli.dll
0x00007ffb8c490000 - 0x00007ffb8c4a5000 	C:\Program Files\Unity\Hub\Editor\2022.3.24f1\Editor\Data\PlaybackEngines\AndroidPlayer\OpenJDK\bin\VCRUNTIME140.dll
0x00007ffbc07b0000 - 0x00007ffbc095e000 	C:\WINDOWS\System32\USER32.dll
0x00007ffbbdfa0000 - 0x00007ffbbdfc6000 	C:\WINDOWS\System32\win32u.dll
0x00007ffbae5d0000 - 0x00007ffbae862000 	C:\WINDOWS\WinSxS\amd64_microsoft.windows.common-controls_6595b64144ccf1df_6.0.22621.4541_none_2710d1c57384c085\COMCTL32.dll
0x00007ffbc0320000 - 0x00007ffbc0349000 	C:\WINDOWS\System32\GDI32.dll
0x00007ffbbf340000 - 0x00007ffbbf3e7000 	C:\WINDOWS\System32\msvcrt.dll
0x00007ffbbe790000 - 0x00007ffbbe8ab000 	C:\WINDOWS\System32\gdi32full.dll
0x00007ffbbe8b0000 - 0x00007ffbbe94a000 	C:\WINDOWS\System32\msvcp_win.dll
0x00007ffbbf1d0000 - 0x00007ffbbf201000 	C:\WINDOWS\System32\IMM32.DLL
0x00007ffb8c3f0000 - 0x00007ffb8c48b000 	C:\Program Files\Unity\Hub\Editor\2022.3.24f1\Editor\Data\PlaybackEngines\AndroidPlayer\OpenJDK\bin\msvcp140.dll
0x00007ffaa4c40000 - 0x00007ffaa57c1000 	C:\Program Files\Unity\Hub\Editor\2022.3.24f1\Editor\Data\PlaybackEngines\AndroidPlayer\OpenJDK\bin\server\jvm.dll
0x00007ffbc0960000 - 0x00007ffbc0a12000 	C:\WINDOWS\System32\ADVAPI32.dll
0x00007ffbbf290000 - 0x00007ffbbf337000 	C:\WINDOWS\System32\sechost.dll
0x00007ffbbe760000 - 0x00007ffbbe788000 	C:\WINDOWS\System32\bcrypt.dll
0x00007ffbc0a20000 - 0x00007ffbc0b34000 	C:\WINDOWS\System32\RPCRT4.dll
0x00007ffbbf190000 - 0x00007ffbbf198000 	C:\WINDOWS\System32\PSAPI.DLL
0x00007ffbb9370000 - 0x00007ffbb9379000 	C:\WINDOWS\SYSTEM32\WSOCK32.dll
0x00007ffbb71b0000 - 0x00007ffbb71ba000 	C:\WINDOWS\SYSTEM32\VERSION.dll
0x00007ffbb9140000 - 0x00007ffbb9174000 	C:\WINDOWS\SYSTEM32\WINMM.dll
0x00007ffbbf210000 - 0x00007ffbbf281000 	C:\WINDOWS\System32\WS2_32.dll
0x00007ffbbd050000 - 0x00007ffbbd068000 	C:\WINDOWS\SYSTEM32\kernel.appcore.dll
0x00007ffb94ac0000 - 0x00007ffb94ad0000 	C:\Program Files\Unity\Hub\Editor\2022.3.24f1\Editor\Data\PlaybackEngines\AndroidPlayer\OpenJDK\bin\verify.dll
0x00007ffbbb300000 - 0x00007ffbbb532000 	C:\WINDOWS\SYSTEM32\DBGHELP.DLL
0x00007ffbc0420000 - 0x00007ffbc07af000 	C:\WINDOWS\System32\combase.dll
0x00007ffbc0240000 - 0x00007ffbc0317000 	C:\WINDOWS\System32\OLEAUT32.dll
0x00007ffb9e0d0000 - 0x00007ffb9e102000 	C:\WINDOWS\SYSTEM32\dbgcore.DLL
0x00007ffbbdfd0000 - 0x00007ffbbe04b000 	C:\WINDOWS\System32\bcryptPrimitives.dll
0x00007ffb8c3c0000 - 0x00007ffb8c3e8000 	C:\Program Files\Unity\Hub\Editor\2022.3.24f1\Editor\Data\PlaybackEngines\AndroidPlayer\OpenJDK\bin\java.dll
0x00007ffb8c3b0000 - 0x00007ffb8c3ba000 	C:\Program Files\Unity\Hub\Editor\2022.3.24f1\Editor\Data\PlaybackEngines\AndroidPlayer\OpenJDK\bin\jimage.dll
0x00007ffb8c390000 - 0x00007ffb8c3a8000 	C:\Program Files\Unity\Hub\Editor\2022.3.24f1\Editor\Data\PlaybackEngines\AndroidPlayer\OpenJDK\bin\zip.dll
0x00007ffbbf8f0000 - 0x00007ffbc0168000 	C:\WINDOWS\System32\SHELL32.dll
0x00007ffbbbe70000 - 0x00007ffbbc778000 	C:\WINDOWS\SYSTEM32\windows.storage.dll
0x00007ffbbbd30000 - 0x00007ffbbbe6f000 	C:\WINDOWS\SYSTEM32\wintypes.dll
0x00007ffbbeb00000 - 0x00007ffbbebfa000 	C:\WINDOWS\System32\SHCORE.dll
0x00007ffbc0170000 - 0x00007ffbc01ce000 	C:\WINDOWS\System32\shlwapi.dll
0x00007ffbbde50000 - 0x00007ffbbde7b000 	C:\WINDOWS\SYSTEM32\profapi.dll
0x00007ffb8c370000 - 0x00007ffb8c389000 	C:\Program Files\Unity\Hub\Editor\2022.3.24f1\Editor\Data\PlaybackEngines\AndroidPlayer\OpenJDK\bin\net.dll
0x00007ffbb95a0000 - 0x00007ffbb96d6000 	C:\WINDOWS\SYSTEM32\WINHTTP.dll
0x00007ffbbd4d0000 - 0x00007ffbbd539000 	C:\WINDOWS\system32\mswsock.dll
0x00007ffb7ed60000 - 0x00007ffb7ed73000 	C:\Program Files\Unity\Hub\Editor\2022.3.24f1\Editor\Data\PlaybackEngines\AndroidPlayer\OpenJDK\bin\nio.dll
0x00007ffb7ed30000 - 0x00007ffb7ed55000 	C:\Program Files\Unity\Hub\Editor\2022.3.24f1\Editor\Data\PlaybackEngines\AndroidPlayer\OpenJDK\bin\sunec.dll
0x00007ffbbd720000 - 0x00007ffbbd73b000 	C:\WINDOWS\SYSTEM32\CRYPTSP.dll
0x00007ffbbcfb0000 - 0x00007ffbbcfe5000 	C:\WINDOWS\system32\rsaenh.dll
0x00007ffbbd5c0000 - 0x00007ffbbd5e8000 	C:\WINDOWS\SYSTEM32\USERENV.dll
0x00007ffbbd740000 - 0x00007ffbbd74c000 	C:\WINDOWS\SYSTEM32\CRYPTBASE.dll
0x00007ffbbca50000 - 0x00007ffbbca7d000 	C:\WINDOWS\SYSTEM32\IPHLPAPI.DLL
0x00007ffbbf820000 - 0x00007ffbbf829000 	C:\WINDOWS\System32\NSI.dll
0x00007ffbb9580000 - 0x00007ffbb9599000 	C:\WINDOWS\SYSTEM32\dhcpcsvc6.DLL
0x00007ffbb9560000 - 0x00007ffbb957f000 	C:\WINDOWS\SYSTEM32\dhcpcsvc.DLL
0x00007ffbbcac0000 - 0x00007ffbbcbc2000 	C:\WINDOWS\SYSTEM32\DNSAPI.dll
0x00007ffbb5650000 - 0x00007ffbb565a000 	C:\Windows\System32\rasadhlp.dll
0x00007ffbb90b0000 - 0x00007ffbb9133000 	C:\WINDOWS\System32\fwpuclnt.dll
0x00007ffb8c360000 - 0x00007ffb8c36e000 	C:\Program Files\Unity\Hub\Editor\2022.3.24f1\Editor\Data\PlaybackEngines\AndroidPlayer\OpenJDK\bin\sunmscapi.dll
0x00007ffbbe5f0000 - 0x00007ffbbe756000 	C:\WINDOWS\System32\CRYPT32.dll
0x00007ffbbd8c0000 - 0x00007ffbbd8ed000 	C:\WINDOWS\SYSTEM32\ncrypt.dll
0x00007ffbbd880000 - 0x00007ffbbd8b7000 	C:\WINDOWS\SYSTEM32\NTASN1.dll

dbghelp: loaded successfully - version: 4.0.5 - missing functions: none
symbol engine: initialized successfully - sym options: 0x614 - pdb path: .;C:\Program Files\Unity\Hub\Editor\2022.3.24f1\Editor\Data\PlaybackEngines\AndroidPlayer\OpenJDK\bin;C:\WINDOWS\SYSTEM32;C:\WINDOWS\WinSxS\amd64_microsoft.windows.common-controls_6595b64144ccf1df_6.0.22621.4541_none_2710d1c57384c085;C:\Program Files\Unity\Hub\Editor\2022.3.24f1\Editor\Data\PlaybackEngines\AndroidPlayer\OpenJDK\bin\server

VM Arguments:
jvm_args: -Dfile.encoding=UTF-8 -Dcom.android.sdklib.toolsdir=C:\Program Files\Unity\Hub\Editor\2022.3.24f1\Editor\Data\PlaybackEngines\AndroidPlayer\SDK\cmdline-tools\6.0\bin\\.. 
java_command: com.android.sdklib.tool.sdkmanager.SdkManagerCli --list
java_class_path (initial): C:\Program Files\Unity\Hub\Editor\2022.3.24f1\Editor\Data\PlaybackEngines\AndroidPlayer\SDK\cmdline-tools\6.0\bin\..\lib\sdkmanager-classpath.jar
Launcher Type: SUN_STANDARD

[Global flags]
     intx CICompilerCount                          = 4                                         {product} {ergonomic}
     uint ConcGCThreads                            = 3                                         {product} {ergonomic}
     uint G1ConcRefinementThreads                  = 10                                        {product} {ergonomic}
   size_t G1HeapRegionSize                         = 1048576                                   {product} {ergonomic}
    uintx GCDrainStackTargetSize                   = 64                                        {product} {ergonomic}
   size_t InitialHeapSize                          = 268435456                                 {product} {ergonomic}
   size_t MarkStackSize                            = 4194304                                   {product} {ergonomic}
   size_t MaxHeapSize                              = 4278190080                                {product} {ergonomic}
   size_t MaxNewSize                               = 2566914048                                {product} {ergonomic}
   size_t MinHeapDeltaBytes                        = 1048576                                   {product} {ergonomic}
    uintx NonNMethodCodeHeapSize                   = 5836300                                {pd product} {ergonomic}
    uintx NonProfiledCodeHeapSize                  = 122910970                              {pd product} {ergonomic}
    uintx ProfiledCodeHeapSize                     = 122910970                              {pd product} {ergonomic}
    uintx ReservedCodeCacheSize                    = 251658240                              {pd product} {ergonomic}
     bool SegmentedCodeCache                       = true                                      {product} {ergonomic}
     bool UseCompressedClassPointers               = true                                 {lp64_product} {ergonomic}
     bool UseCompressedOops                        = true                                 {lp64_product} {ergonomic}
     bool UseG1GC                                  = true                                      {product} {ergonomic}
     bool UseLargePagesIndividualAllocation        = false                                  {pd product} {ergonomic}

Logging:
Log output configuration:
 #0: stdout all=warning uptime,level,tags
 #1: stderr all=off uptime,level,tags

Environment Variables:
JAVA_HOME=C:\Program Files\Unity\Hub\Editor\2022.3.24f1\Editor\Data\PlaybackEngines\AndroidPlayer\OpenJDK
JAVA_TOOL_OPTIONS=-Dfile.encoding=UTF-8
CLASSPATH=C:\Program Files\Unity\Hub\Editor\2022.3.24f1\Editor\Data\PlaybackEngines\AndroidPlayer\SDK\cmdline-tools\6.0\bin\..\lib\sdkmanager-classpath.jar
PATH=C:\Program Files\Oculus\Support\oculus-runtime;C:\Program Files\Common Files\Oracle\Java\javapath;C:\Program Files\Microsoft\jdk-11.0.12.7-hotspot\bin;C:\Program Files\Java\jdk-19\bin;C:\Windows\system32;C:\Windows;C:\Windows\System32\Wbem;C:\Windows\System32\WindowsPowerShell\v1.0\;C:\Windows\System32\OpenSSH\;C:\Program Files (x86)\NVIDIA Corporation\PhysX\Common;C:\Tools\flutter\bin;C:\Program Files\Git\cmd;C:\Program Files (x86)\Windows Kits\10\Windows Performance Toolkit\;C:\WINDOWS\system32;C:\WINDOWS;C:\WINDOWS\System32\Wbem;C:\WINDOWS\System32\WindowsPowerShell\v1.0\;C:\WINDOWS\System32\OpenSSH\;C:\Program Files\PowerShell\7\;C:\Program Files\NVIDIA Corporation\NVIDIA app\NvDLISR;C:\Users\eight\AppData\Local\Microsoft\WindowsApps;C:\Users\eight\AppData\Local\Programs\Microsoft VS Code\bin;C:\Tools\flutter\bin;C:\Program Files\Java\jdk-19\bin;C:\Users\eight\AppData\Roaming\Programs\Zero Install;C:\Users\eight\AppData\Local\Microsoft\WindowsApps;C:\Users\eight\AppData\Local\Microsoft\WinGet\Packages\Gyan.FFmpeg_Microsoft.Winget.Source_8wekyb3d8bbwe\ffmpeg-7.1-full_build\bin;C:\Users\eight\AppData\Local\Android\sdk\platform-tools;
USERNAME=eight
OS=Windows_NT
PROCESSOR_IDENTIFIER=AMD64 Family 23 Model 8 Stepping 2, AuthenticAMD



---------------  S Y S T E M  ---------------

OS: Windows 11 , 64 bit Build 22621 (10.0.22621.4391)
OS uptime: 1 days 1:41 hours

CPU:total 12 (initial active 12) (12 cores per cpu, 2 threads per core) family 23 model 8 stepping 2 microcode 0x0, cmov, cx8, fxsr, mmx, sse, sse2, sse3, ssse3, sse4.1, sse4.2, popcnt, avx, avx2, aes, clmul, mmxext, 3dnowpref, lzcnt, sse4a, ht, tsc, tscinvbit, tscinv, bmi1, bmi2, adx, sha, fma

Memory: 4k page, system-wide physical 16312M (3322M free)
TotalPageFile size 28312M (AvailPageFile size 8M)
current process WorkingSet (physical memory assigned to process): 160M, peak: 160M
current process commit charge ("private bytes"): 402M, peak: 404M

vm_info: OpenJDK 64-Bit Server VM (11.0.14.1+1) for windows-amd64 JRE (11.0.14.1+1), built on Feb  9 2022 01:48:27 by "" with unknown MS VC++:1916

END.
